old_backup/softm_OLD_SVN_BACK/GSnPoint/proguard.cfg
-optimizationpasses 5
-dontusemixedcaseclassnames
-dontskipnonpubliclibraryclasses
-dontpreverify
-dontshrink 
-verbose
-optimizations !code/simplification/arithmetic,!field/*,!class/merging/*

-keep public class * extends android.app.Activity
-keep public class * extends android.app.Application
-keep public class * extends android.app.Service
-keep public class * extends android.content.BroadcastReceiver
-keep public class * extends android.content.ContentProvider
-keep public class * extends android.app.backup.BackupAgentHelper
-keep public class * extends android.preference.Preference
-keep public class com.android.vending.licensing.ILicensingService

-keep public class * {public protected *;}

-keep public class com.google.zxing.*{*;}
-keep public class com.google.zxing.client.result.*{*;}
-keep public class com.google.zxing.common.*{*;}
-keep public class com.google.zxing.oned.*{*;}
-keep public class com.google.zxing.oned.rss.*{*;}
-keep public class com.google.zxing.oned.rss.expanded.*{*;}
-keep public class com.google.zxing.oned.rss.expanded.decoders.*{*;}
-keep public class com.google.zxing.pdf417.*{*;}
-keep public class com.google.zxing.pdf417.decoder.*{*;}
-keep public class com.google.zxing.qrcode.*{*;}
-keep public class com.google.zxing.qrcode.decoder.*{*;}
-keep public class com.google.zxing.qrcode.encoder.*{*;}

-keep public class kr.co.gscaltex.gsnpoint.util.*{*;}
-keep public class kr.co.gscaltex.gsnpoint.util.SeedAndroidIF.*{*;}

-keep public class kr.co.gscaltex.gsnpoint.util.SeedX.*{*;}
-keep public class kr.co.gscaltex.gsnpoint.util.Base64Encoder.*{*;}
-keep public class kr.co.gscaltex.gsnpoint.util.BarcodeString.*{*;}
-keep public class kr.co.gscaltex.gsnpoint.util.AnsiX923Padding.*{*;}
-keep public class kr.co.gscaltex.gsnpoint.util.CryptoPadding.*{*;}
-keep public class kr.co.gscaltex.gsnpoint.card.CardRegView.*{*;}

-keepclassmembers class kr.co.gscaltex.gsnpoint.BaseWebActivity{
*;
}

-keepclassmembers class kr.co.gscaltex.gsnpoint.card.CardRegView{
*;
}
-keepclassmembers class kr.co.gscaltex.gsnpoint.BaseWebActivity$AndroidBridge{
*;
}

-keepclasseswithmembernames class * {
    native <methods>;
}

-keepclasseswithmembers class * {
    public <init>(android.content.Context, android.util.AttributeSet);
}

-keepclasseswithmembers class * {
    public <init>(android.content.Context, android.util.AttributeSet, int);
}

-keepclassmembers class * extends android.app.Activity {
   public void *(android.view.View);
}

-keepclassmembers enum * {
    public static **[] values();
    public static ** valueOf(java.lang.String);
}

-keep class * implements android.os.Parcelable {
  public static final android.os.Parcelable$Creator *;
}

-dontwarn org.jdom.xpath.**