old_backup/softm_OLD_SVN_BACK/GSnPoint/proguard/seeds.txt
kr.co.gscaltex.gsnpoint.BaseActivity
kr.co.gscaltex.gsnpoint.BaseActivity: java.lang.String LOG_TAG
kr.co.gscaltex.gsnpoint.BaseActivity: android.content.Context mApp
kr.co.gscaltex.gsnpoint.BaseActivity: java.lang.String xml_string
kr.co.gscaltex.gsnpoint.BaseActivity: java.util.List nameValuePairs
kr.co.gscaltex.gsnpoint.BaseActivity: java.lang.String result_tag
kr.co.gscaltex.gsnpoint.BaseActivity: java.lang.String error
kr.co.gscaltex.gsnpoint.BaseActivity: kr.co.gscaltex.gsnpoint.util.FileInfo fi
kr.co.gscaltex.gsnpoint.BaseActivity: java.lang.Boolean bPressHomekey
kr.co.gscaltex.gsnpoint.BaseActivity: java.lang.Boolean bStartPW
kr.co.gscaltex.gsnpoint.BaseActivity: kr.co.gscaltex.gsnpoint.DefaultApplication mApplication
kr.co.gscaltex.gsnpoint.BaseActivity: kr.co.gscaltex.gsnpoint.GSAppHelper appHelper
kr.co.gscaltex.gsnpoint.BaseActivity: android.os.Handler handler
kr.co.gscaltex.gsnpoint.BaseActivity: java.lang.Runnable viewToastRunnable
kr.co.gscaltex.gsnpoint.BaseActivity: android.app.ProgressDialog mCustomProgressDlg
kr.co.gscaltex.gsnpoint.BaseActivity: BaseActivity()
kr.co.gscaltex.gsnpoint.BaseActivity: kr.co.gscaltex.gsnpoint.GSAppHelper getAppHelper()
kr.co.gscaltex.gsnpoint.BaseActivity: void httpResult(int,boolean,java.lang.String)
kr.co.gscaltex.gsnpoint.BaseActivity: void setParams(java.util.List)
kr.co.gscaltex.gsnpoint.BaseActivity: void goErrorUrl()
kr.co.gscaltex.gsnpoint.BaseMapActivity
kr.co.gscaltex.gsnpoint.BaseMapActivity: java.lang.String LOG_TAG
kr.co.gscaltex.gsnpoint.BaseMapActivity: int TAB_BUTTON_COUNT
kr.co.gscaltex.gsnpoint.BaseMapActivity: kr.co.gscaltex.gsnpoint.GSAppHelper appHelper
kr.co.gscaltex.gsnpoint.BaseMapActivity: BaseMapActivity()
kr.co.gscaltex.gsnpoint.BaseMapActivity: void setParams(java.util.List)
kr.co.gscaltex.gsnpoint.BaseMapActivity: kr.co.gscaltex.gsnpoint.GSAppHelper getAppHelper()
kr.co.gscaltex.gsnpoint.BaseMapActivity: void termiate()
kr.co.gscaltex.gsnpoint.BaseMapActivity: void loadUrl(java.lang.String)
kr.co.gscaltex.gsnpoint.BaseMapActivity: java.lang.String getString()
kr.co.gscaltex.gsnpoint.BaseMapActivity: boolean download(java.lang.String)
kr.co.gscaltex.gsnpoint.BaseMapActivity: boolean isRouteDisplayed()
kr.co.gscaltex.gsnpoint.BaseMapActivity: void showCenterProgress()
kr.co.gscaltex.gsnpoint.BaseMapActivity: void hideCenterProgress()
kr.co.gscaltex.gsnpoint.BaseMapActivity: void onCreate(android.os.Bundle)
kr.co.gscaltex.gsnpoint.BaseMapActivity: void onDestroy()
kr.co.gscaltex.gsnpoint.BaseMapActivity: void onBackPressed()
kr.co.gscaltex.gsnpoint.BaseMapActivity: void setDefaultLayout()
kr.co.gscaltex.gsnpoint.BaseMapActivity: void onPause()
kr.co.gscaltex.gsnpoint.BaseMapActivity: void onUserLeaveHint()
...
org.apache.commons.codec.binary.Base32InputStream
org.apache.commons.codec.binary.Base32InputStream: Base32InputStream(java.io.InputStream)
org.apache.commons.codec.binary.Base32InputStream: Base32InputStream(java.io.InputStream,boolean)
org.apache.commons.codec.binary.Base32InputStream: Base32InputStream(java.io.InputStream,boolean,int,byte[])
org.apache.commons.codec.binary.Base32OutputStream
org.apache.commons.codec.binary.Base32OutputStream: Base32OutputStream(java.io.OutputStream)
org.apache.commons.codec.binary.Base32OutputStream: Base32OutputStream(java.io.OutputStream,boolean)
org.apache.commons.codec.binary.Base32OutputStream: Base32OutputStream(java.io.OutputStream,boolean,int,byte[])
org.apache.commons.codec.binary.Base64
org.apache.commons.codec.binary.Base64: Base64()
org.apache.commons.codec.binary.Base64: Base64(boolean)
org.apache.commons.codec.binary.Base64: Base64(int)
org.apache.commons.codec.binary.Base64: Base64(int,byte[])
org.apache.commons.codec.binary.Base64: Base64(int,byte[],boolean)
org.apache.commons.codec.binary.Base64: boolean isUrlSafe()
org.apache.commons.codec.binary.Base64: boolean isArrayByteBase64(byte[])
org.apache.commons.codec.binary.Base64: boolean isBase64(byte)
org.apache.commons.codec.binary.Base64: boolean isBase64(java.lang.String)
org.apache.commons.codec.binary.Base64: boolean isBase64(byte[])
org.apache.commons.codec.binary.Base64: byte[] encodeBase64(byte[])
org.apache.commons.codec.binary.Base64: java.lang.String encodeBase64String(byte[])
org.apache.commons.codec.binary.Base64: byte[] encodeBase64URLSafe(byte[])
org.apache.commons.codec.binary.Base64: java.lang.String encodeBase64URLSafeString(byte[])
org.apache.commons.codec.binary.Base64: byte[] encodeBase64Chunked(byte[])
org.apache.commons.codec.binary.Base64: byte[] encodeBase64(byte[],boolean)
org.apache.commons.codec.binary.Base64: byte[] encodeBase64(byte[],boolean,boolean)
org.apache.commons.codec.binary.Base64: byte[] encodeBase64(byte[],boolean,boolean,int)
org.apache.commons.codec.binary.Base64: byte[] decodeBase64(java.lang.String)
org.apache.commons.codec.binary.Base64: byte[] decodeBase64(byte[])
org.apache.commons.codec.binary.Base64InputStream
org.apache.commons.codec.binary.Base64InputStream: Base64InputStream(java.io.InputStream)
org.apache.commons.codec.binary.Base64InputStream: Base64InputStream(java.io.InputStream,boolean)
org.apache.commons.codec.binary.Base64InputStream: Base64InputStream(java.io.InputStream,boolean,int,byte[])
org.apache.commons.codec.binary.Base64OutputStream
org.apache.commons.codec.binary.Base64OutputStream: Base64OutputStream(java.io.OutputStream)
org.apache.commons.codec.binary.Base64OutputStream: Base64OutputStream(java.io.OutputStream,boolean)
org.apache.commons.codec.binary.Base64OutputStream: Base64OutputStream(java.io.OutputStream,boolean,int,byte[])