old_backup/softm_OLD_SVN_BACK/GSnPoint/proguard/mapping.txt
kr.co.gscaltex.gsnpoint.BaseActivity -> kr.co.gscaltex.gsnpoint.BaseActivity:
    java.lang.String LOG_TAG -> LOG_TAG
    android.content.Context mApp -> mApp
    java.lang.String xml_string -> xml_string
    java.util.List nameValuePairs -> nameValuePairs
    java.lang.String result_tag -> result_tag
    java.lang.String error -> error
    kr.co.gscaltex.gsnpoint.util.FileInfo fi -> fi
    java.lang.Boolean bPressHomekey -> bPressHomekey
    java.lang.Boolean bStartPW -> bStartPW
    kr.co.gscaltex.gsnpoint.DefaultApplication mApplication -> mApplication
    kr.co.gscaltex.gsnpoint.GSAppHelper appHelper -> appHelper
    android.os.Handler handler -> handler
    java.lang.Runnable viewToastRunnable -> viewToastRunnable
    android.app.ProgressDialog mCustomProgressDlg -> mCustomProgressDlg
    kr.co.gscaltex.gsnpoint.GSAppHelper getAppHelper() -> getAppHelper
    void httpResult(int,boolean,java.lang.String) -> httpResult
    void setParams(java.util.List) -> setParams
    void goErrorUrl() -> goErrorUrl
    void loadUrl(int,java.lang.String,java.lang.String) -> loadUrl
    void sendMessage(int,int,java.lang.Boolean,java.lang.String) -> sendMessage
    java.lang.String getString() -> getString
    void viewToast() -> viewToast
    java.lang.String convertStreamToString(java.io.InputStream) -> convertStreamToString
    void showCenterProgress() -> showCenterProgress
    void hideCenterProgress() -> hideCenterProgress
kr.co.gscaltex.gsnpoint.BaseActivity$1 -> kr.co.gscaltex.gsnpoint.a:
    kr.co.gscaltex.gsnpoint.BaseActivity this$0 -> a
    void handleMessage(android.os.Message) -> handleMessage
kr.co.gscaltex.gsnpoint.BaseActivity$2 -> kr.co.gscaltex.gsnpoint.b:
    kr.co.gscaltex.gsnpoint.BaseActivity this$0 -> a
    void run() -> run
kr.co.gscaltex.gsnpoint.BaseActivity$3 -> kr.co.gscaltex.gsnpoint.c:
    kr.co.gscaltex.gsnpoint.BaseActivity this$0 -> a
    java.lang.String val$URL -> b
    int val$arg1 -> c
    java.lang.String val$kind -> d
    void run() -> run
kr.co.gscaltex.gsnpoint.BaseActivity$4 -> kr.co.gscaltex.gsnpoint.d:
    kr.co.gscaltex.gsnpoint.BaseActivity this$0 -> a
    void onClick(android.content.DialogInterface,int) -> onClick
kr.co.gscaltex.gsnpoint.BaseActivity$5 -> kr.co.gscaltex.gsnpoint.e:
    kr.co.gscaltex.gsnpoint.BaseActivity this$0 -> a
    void onClick(android.content.DialogInterface,int) -> onClick
kr.co.gscaltex.gsnpoint.BaseActivity$6 -> kr.co.gscaltex.gsnpoint.f:
    kr.co.gscaltex.gsnpoint.BaseActivity this$0 -> a
    void onClick(android.content.DialogInterface,int) -> onClick
...
com.google.zxing.qrcode.decoder.DataMask$DataMask111 -> com.google.zxing.qrcode.decoder.l:
    boolean isMasked(int,int) -> a
com.google.zxing.qrcode.decoder.DecodedBitStreamParser -> com.google.zxing.qrcode.decoder.m:
    char[] ALPHANUMERIC_CHARS -> a
    com.google.zxing.common.DecoderResult decode(byte[],com.google.zxing.qrcode.decoder.Version,com.google.zxing.qrcode.decoder.ErrorCorrectionLevel,java.util.Hashtable) -> a
    void decodeKanjiSegment(com.google.zxing.common.BitSource,java.lang.StringBuffer,int) -> a
    void decodeByteSegment(com.google.zxing.common.BitSource,java.lang.StringBuffer,int,com.google.zxing.common.CharacterSetECI,java.util.Vector,java.util.Hashtable) -> a
    char toAlphaNumericChar(int) -> a
    void decodeAlphanumericSegment(com.google.zxing.common.BitSource,java.lang.StringBuffer,int,boolean) -> a
    void decodeNumericSegment(com.google.zxing.common.BitSource,java.lang.StringBuffer,int) -> b
    int parseECIValue(com.google.zxing.common.BitSource) -> a
com.google.zxing.qrcode.decoder.Decoder -> com.google.zxing.qrcode.decoder.Decoder:
    com.google.zxing.common.reedsolomon.ReedSolomonDecoder rsDecoder -> rsDecoder
    com.google.zxing.common.DecoderResult decode(boolean[][]) -> decode
    com.google.zxing.common.DecoderResult decode(boolean[][],java.util.Hashtable) -> decode
    com.google.zxing.common.DecoderResult decode(com.google.zxing.common.BitMatrix) -> decode
    com.google.zxing.common.DecoderResult decode(com.google.zxing.common.BitMatrix,java.util.Hashtable) -> decode
    void correctErrors(byte[],int) -> correctErrors
com.google.zxing.qrcode.decoder.ErrorCorrectionLevel -> com.google.zxing.qrcode.decoder.ErrorCorrectionLevel:
    com.google.zxing.qrcode.decoder.ErrorCorrectionLevel L -> L
    com.google.zxing.qrcode.decoder.ErrorCorrectionLevel M -> M
    com.google.zxing.qrcode.decoder.ErrorCorrectionLevel Q -> Q
    com.google.zxing.qrcode.decoder.ErrorCorrectionLevel H -> H
    com.google.zxing.qrcode.decoder.ErrorCorrectionLevel[] FOR_BITS -> FOR_BITS
    int ordinal -> ordinal
    int bits -> bits
    java.lang.String name -> name
    int ordinal() -> ordinal
    int getBits() -> getBits
    java.lang.String getName() -> getName
    java.lang.String toString() -> toString
    com.google.zxing.qrcode.decoder.ErrorCorrectionLevel forBits(int) -> forBits
com.google.zxing.qrcode.decoder.FormatInformation -> com.google.zxing.qrcode.decoder.n:
    int FORMAT_INFO_MASK_QR -> a
    int[][] FORMAT_INFO_DECODE_LOOKUP -> b
    int[] BITS_SET_IN_HALF_BYTE -> c
    com.google.zxing.qrcode.decoder.ErrorCorrectionLevel errorCorrectionLevel -> d
    byte dataMask -> e
    int numBitsDiffering(int,int) -> a
    com.google.zxing.qrcode.decoder.FormatInformation decodeFormatInformation(int,int) -> b
    com.google.zxing.qrcode.decoder.FormatInformation doDecodeFormatInformation(int,int) -> c
    com.google.zxing.qrcode.decoder.ErrorCorrectionLevel getErrorCorrectionLevel() -> a
    byte getDataMask() -> b
    int hashCode() -> hashCode
    boolean equals(java.lang.Object) -> equals